<?xml version="1.0" encoding="UTF-8"?>

<beans xmlns="http://www.springframework.org/schema/beans" xmlns:xsi="http://www.w3.org/2001/XMLSchema-instance"
       xmlns:aop="http://www.springframework.org/schema/aop"
       xmlns:context="http://www.springframework.org/schema/context"
       xmlns:util="http://www.springframework.org/schema/util"
       xmlns:p="http://www.springframework.org/schema/p"
       xsi:schemaLocation="http://www.springframework.org/schema/beans http://www.springframework.org/schema/beans/spring-beans-3.0.xsd
	http://www.springframework.org/schema/aop http://www.springframework.org/schema/aop/spring-aop-3.0.xsd
	http://www.springframework.org/schema/context http://www.springframework.org/schema/context/spring-context-3.0.xsd
	http://www.springframework.org/schema/util http://www.springframework.org/schema/util/spring-util-3.0.xsd">


    <context:annotation-config />
    <context:component-scan base-package="com.persado.oss"/>

    <bean id="Home Page" class="com.amazon.pageObjects.amazon.HomePage"/>
    <bean id="Cart Page" class="com.amazon.pageObjects.amazon.CartPage"/>
    <bean id="Gift Card Design Page" class="com.amazon.pageObjects.amazon.GiftCardDesignPage"/>
    <bean id="Gift Cards Page" class="com.amazon.pageObjects.amazon.GiftCardsPage"/>

</beans>